<?xml version="1.0" encoding="UTF-8"?>
<testng-results skipped="0" failed="0" ignored="0" total="4" passed="4">
  <reporter-output>
  </reporter-output>
  <suite name="Default suite" duration-ms="38280" started-at="2022-10-21T00:04:34 IST" finished-at="2022-10-21T00:05:12 IST">
    <groups>
    </groups>
    <test name="Default test" duration-ms="38280" started-at="2022-10-21T00:04:34 IST" finished-at="2022-10-21T00:05:12 IST">
      <class name="com.example.NewTest">
        <test-method status="PASS" signature="Test1()[pri:0, instance:com.example.NewTest@36b4cef0]" name="Test1" duration-ms="11299" started-at="2022-10-21T00:04:34 IST" finished-at="2022-10-21T00:04:46 IST">
          <reporter-output>
          </reporter-output>
        </test-method> <!-- Test1 -->
        <test-method status="PASS" signature="Test2()[pri:0, instance:com.example.NewTest@36b4cef0]" name="Test2" duration-ms="17729" started-at="2022-10-21T00:04:46 IST" finished-at="2022-10-21T00:05:03 IST">
          <reporter-output>
          </reporter-output>
        </test-method> <!-- Test2 -->
        <test-method status="PASS" signature="Test3()[pri:0, instance:com.example.NewTest@36b4cef0]" name="Test3" duration-ms="9189" started-at="2022-10-21T00:05:03 IST" finished-at="2022-10-21T00:05:12 IST">
          <reporter-output>
          </reporter-output>
        </test-method> <!-- Test3 -->
        <test-method status="PASS" signature="f()[pri:0, instance:com.example.NewTest@36b4cef0]" name="f" duration-ms="2" started-at="2022-10-21T00:05:12 IST" finished-at="2022-10-21T00:05:12 IST">
          <reporter-output>
          </reporter-output>
        </test-method> <!-- f -->
      </class> <!-- com.example.NewTest -->
    </test> <!-- Default test -->
  </suite> <!-- Default suite -->
</testng-results>
