<?xml version="1.0" encoding="UTF-8"?>
<!-- Generated by org.testng.reporters.JUnitXMLReporter -->
<testsuite hostname="JP" ignored="0" name="Default test" tests="4" failures="0" timestamp="2022-10-21T00:05:12 IST" time="38.28" errors="0">
  <testcase name="Test1" time="11.299" classname="com.example.NewTest"/>
  <testcase name="Test2" time="17.729" classname="com.example.NewTest"/>
  <testcase name="Test3" time="9.189" classname="com.example.NewTest"/>
  <testcase name="f" time="0.002" classname="com.example.NewTest"/>
</testsuite> <!-- Default test -->
