<?xml version="1.0" encoding="UTF-8"?>
<!-- Generated by org.testng.reporters.JUnitXMLReporter -->
<testsuite hostname="JP" ignored="1" name="Test1" tests="1" failures="1" timestamp="2022-10-09T11:22:20 IST" time="0.135" errors="0">
  <testcase name="@BeforeTest f" time="-1.665294740065E9" classname="com.example.NewTest">
    <failure type="org.testng.TestNGException" message="
Can inject only one of &amp;lt;ITestContext, XmlTest&amp;gt; into a @BeforeTest annotated f.
For more information on native dependency injection please refer to https://testng.org/doc/documentation-main.html#native-dependency-injection">
      <![CDATA[org.testng.TestNGException: 
Can inject only one of <ITestContext, XmlTest> into a @BeforeTest annotated f.
For more information on native dependency injection please refer to https://testng.org/doc/documentation-main.html#native-dependency-injection
... Removed 21 stack frames]]>
    </failure>
  </testcase> <!-- @BeforeTest f -->
  <testcase name="@AfterTest end" time="-1.665294740182E9" classname="com.example.NewTest">
    <skipped/>
  </testcase> <!-- @AfterTest end -->
  <testcase name="fun1" time="0.0" classname="com.example.NewTest">
    <failure type="org.testng.TestNGException" message="
Cannot inject @Test annotated Method [fun1] with [class java.lang.String].
For more information on native dependency injection please refer to https://testng.org/doc/documentation-main.html#native-dependency-injection">
      <![CDATA[org.testng.TestNGException: 
Cannot inject @Test annotated Method [fun1] with [class java.lang.String].
For more information on native dependency injection please refer to https://testng.org/doc/documentation-main.html#native-dependency-injection
at java.util.ArrayList.forEach(ArrayList.java:1249)
... Removed 26 stack frames]]>
    </failure>
  </testcase> <!-- fun1 -->
  <testcase name="fun2" time="0.0" classname="com.example.NewTest">
    <ignored/>
  </testcase> <!-- fun2 -->
</testsuite> <!-- Test1 -->
